awn/build/app/intermediates/manifest_merge_blame_file/debug/manifest-merger-blame-debug-report.txt
1<?xml version="1.0" encoding="utf-8"?>
2<manifest xmlns:android="http://schemas.android.com/apk/res/android"
3    package="com.example.awn"
4    android:versionCode="1"
5    android:versionName="1.0.0" >
6
7    <uses-sdk
8        android:minSdkVersion="21"
9        android:targetSdkVersion="31" />
10    <!--
11         The INTERNET permission is required for development. Specifically,
12         the Flutter tool needs it to communicate with the running application
13         to allow setting breakpoints, to provide hot reload, etc.
14    -->
15    <uses-permission android:name="android.permission.INTERNET" />
15-->src/debug/AndroidManifest.xml:7:5-66
15-->src/debug/AndroidManifest.xml:7:22-64
16    <uses-permission android:name="android.permission.ACCESS_FINE_LOCATION" />
16-->src/main/AndroidManifest.xml:3:6-80
16-->src/main/AndroidManifest.xml:3:23-77
17    <uses-permission android:name="android.permission.ACCESS_COARSE_LOCATION" />
17-->src/main/AndroidManifest.xml:4:9-85
17-->src/main/AndroidManifest.xml:4:26-82
18    <uses-permission android:name="android.permission.CAMERA" />
18-->src/main/AndroidManifest.xml:5:9-69
18-->src/main/AndroidManifest.xml:5:26-66
19    <uses-permission android:name="android.permission.READ_EXTERNAL_STORAGE" />
19-->src/main/AndroidManifest.xml:6:1-76
19-->src/main/AndroidManifest.xml:6:18-73
20    <uses-permission android:name="android.permission.WRITE_EXTERNAL_STORAGE" />
20-->src/main/AndroidManifest.xml:7:1-77
20-->src/main/AndroidManifest.xml:7:18-74
21    <uses-permission android:name="android.permission.FOREGROUND_SERVICE" />
21-->[:geolocator_android] AndroidManifest.xml:9:5-77
21-->[:geolocator_android] AndroidManifest.xml:9:22-74
22
23    <queries>
23-->[:file_picker] AndroidManifest.xml:11:5-17:15
24        <intent>
24-->[:file_picker] AndroidManifest.xml:12:9-16:18
25            <action android:name="android.intent.action.GET_CONTENT" />
25-->[:file_picker] AndroidManifest.xml:13:13-72
25-->[:file_picker] AndroidManifest.xml:13:21-69
26
27            <data android:mimeType="*/*" />
27-->[:file_picker] AndroidManifest.xml:15:13-44
27-->[:file_picker] AndroidManifest.xml:15:19-41
28        </intent>
29        <!-- Needs to be explicitly declared on Android R+ -->
30        <package android:name="com.google.android.apps.maps" />
30-->[com.google.android.gms:play-services-maps:18.0.2] AndroidManifest.xml:33:9-64
30-->[com.google.android.gms:play-services-maps:18.0.2] AndroidManifest.xml:33:18-61
31    </queries> <!-- Although the *SdkVersion is captured in gradle build files, this is required for non gradle builds -->
32    <!-- <uses-sdk android:minSdkVersion="14" /> -->
33    <uses-permission android:name="android.permission.ACCESS_NETWORK_STATE" />
33-->[com.google.firebase:firebase-firestore:24.2.2] AndroidManifest.xml:13:5-79
33-->[com.google.firebase:firebase-firestore:24.2.2] AndroidManifest.xml:13:22-76
34    <uses-permission android:name="android.permission.WAKE_LOCK" />
34-->[com.google.android.gms:play-services-measurement-api:21.1.0] AndroidManifest.xml:24:5-68
34-->[com.google.android.gms:play-services-measurement-api:21.1.0] AndroidManifest.xml:24:22-65
35    <uses-permission android:name="com.google.android.gms.permission.AD_ID" />
35-->[com.google.android.gms:play-services-measurement-api:21.1.0] AndroidManifest.xml:25:5-79
35-->[com.google.android.gms:play-services-measurement-api:21.1.0] AndroidManifest.xml:25:22-76
36
37    <uses-feature
37-->[com.google.android.gms:play-services-maps:18.0.2] AndroidManifest.xml:26:5-28:35
38        android:glEsVersion="0x00020000"
38-->[com.google.android.gms:play-services-maps:18.0.2] AndroidManifest.xml:27:9-41
39        android:required="true" />
39-->[com.google.android.gms:play-services-maps:18.0.2] AndroidManifest.xml:28:9-32
40
41    <uses-permission android:name="com.google.android.finsky.permission.BIND_GET_INSTALL_REFERRER_SERVICE" />
41-->[com.google.android.gms:play-services-measurement:21.1.0] AndroidManifest.xml:26:5-110
41-->[com.google.android.gms:play-services-measurement:21.1.0] AndroidManifest.xml:26:22-107
42
43    <application
44        android:name="android.app.Application"
45        android:appComponentFactory="androidx.core.app.CoreComponentFactory"
45-->[androidx.core:core:1.8.0] AndroidManifest.xml:24:18-86
46        android:debuggable="true"
47        android:icon="@mipmap/ic_launcher"
48        android:label="awn" >
49        <activity
50            android:name="com.example.awn.MainActivity"
51            android:configChanges="orientation|keyboardHidden|keyboard|screenSize|smallestScreenSize|locale|layoutDirection|fontScale|screenLayout|density|uiMode"
52            android:exported="true"
53            android:hardwareAccelerated="true"
54            android:launchMode="singleTop"
55            android:theme="@style/LaunchTheme"
56            android:windowSoftInputMode="adjustResize" >
57
58            <!--
59                 Specifies an Android theme to apply to this Activity as soon as
60                 the Android process has started. This theme is visible to the user
61                 while the Flutter UI initializes. After that, this theme continues
62                 to determine the Window background behind the Flutter UI.
63            -->
64            <meta-data
65                android:name="io.flutter.embedding.android.NormalTheme"
66                android:resource="@style/NormalTheme" />
67
68            <intent-filter>
69                <action android:name="android.intent.action.MAIN" />
70
71                <category android:name="android.intent.category.LAUNCHER" />
72            </intent-filter>
73        </activity>
74        <!--
75             Don't delete the meta-data below.
76             This is used by the Flutter tool to generate GeneratedPluginRegistrant.java
77        -->
78        <meta-data
79            android:name="flutterEmbedding"
80            android:value="2" />
81        <meta-data
82            android:name="com.google.android.geo.API_KEY"
83            android:value="AIzaSyDjvdpO2NTl4A3hVapI6RFC5id08pJiWcE" />
84
85        <service
85-->[:firebase_database] AndroidManifest.xml:10:9-14:19
86            android:name="com.google.firebase.components.ComponentDiscoveryService"
86-->[:firebase_database] AndroidManifest.xml:10:18-89
87            android:directBootAware="true"
87-->[com.google.firebase:firebase-common:20.1.1] AndroidManifest.xml:35:13-43
88            android:exported="false" >
88-->[com.google.firebase:firebase-analytics-ktx:21.1.0] AndroidManifest.xml:10:13-37
89            <meta-data
89-->[:firebase_database] AndroidManifest.xml:11:13-13:85
90                android:name="com.google.firebase.components:io.flutter.plugins.firebase.database.FlutterFirebaseAppRegistrar"
90-->[:firebase_database] AndroidManifest.xml:12:17-127
91                android:value="com.google.firebase.components.ComponentRegistrar" />
91-->[:firebase_database] AndroidManifest.xml:13:17-82
92            <meta-data
92-->[:cloud_firestore] AndroidManifest.xml:11:13-13:85
93                android:name="com.google.firebase.components:io.flutter.plugins.firebase.firestore.FlutterFirebaseFirestoreRegistrar"
93-->[:cloud_firestore] AndroidManifest.xml:12:17-134
94                android:value="com.google.firebase.components.ComponentRegistrar" />
94-->[:cloud_firestore] AndroidManifest.xml:13:17-82
95            <meta-data
95-->[:firebase_storage] AndroidManifest.xml:11:13-13:85
96                android:name="com.google.firebase.components:io.flutter.plugins.firebase.storage.FlutterFirebaseAppRegistrar"
96-->[:firebase_storage] AndroidManifest.xml:12:17-126
97                android:value="com.google.firebase.components.ComponentRegistrar" />
97-->[:firebase_storage] AndroidManifest.xml:13:17-82
98            <meta-data
98-->[:firebase_core] AndroidManifest.xml:11:13-13:85
99                android:name="com.google.firebase.components:io.flutter.plugins.firebase.core.FlutterFirebaseCoreRegistrar"
99-->[:firebase_core] AndroidManifest.xml:12:17-124
100                android:value="com.google.firebase.components.ComponentRegistrar" />
100-->[:firebase_core] AndroidManifest.xml:13:17-82
101            <meta-data
101-->[com.google.firebase:firebase-analytics-ktx:21.1.0] AndroidManifest.xml:11:13-13:85
102                android:name="com.google.firebase.components:com.google.firebase.analytics.ktx.FirebaseAnalyticsKtxRegistrar"
102-->[com.google.firebase:firebase-analytics-ktx:21.1.0] AndroidManifest.xml:12:17-126
103                android:value="com.google.firebase.components.ComponentRegistrar" />
103-->[com.google.firebase:firebase-analytics-ktx:21.1.0] AndroidManifest.xml:13:17-82
104            <meta-data
104-->[com.google.firebase:firebase-common-ktx:20.1.1] AndroidManifest.xml:15:13-17:85
105                android:name="com.google.firebase.components:com.google.firebase.ktx.FirebaseCommonKtxRegistrar"
105-->[com.google.firebase:firebase-common-ktx:20.1.1] AndroidManifest.xml:16:17-113
106                android:value="com.google.firebase.components.ComponentRegistrar" />
106-->[com.google.firebase:firebase-common-ktx:20.1.1] AndroidManifest.xml:17:17-82
107            <meta-data
107-->[com.google.firebase:firebase-firestore:24.2.2] AndroidManifest.xml:20:13-22:85
108                android:name="com.google.firebase.components:com.google.firebase.firestore.FirestoreRegistrar"
108-->[com.google.firebase:firebase-firestore:24.2.2] AndroidManifest.xml:21:17-111
109                android:value="com.google.firebase.components.ComponentRegistrar" />
109-->[com.google.firebase:firebase-firestore:24.2.2] AndroidManifest.xml:22:17-82
110            <meta-data
110-->[com.google.firebase:firebase-storage:20.0.1] AndroidManifest.xml:33:13-35:85
111                android:name="com.google.firebase.components:com.google.firebase.storage.StorageRegistrar"
111-->[com.google.firebase:firebase-storage:20.0.1] AndroidManifest.xml:34:17-107
112                android:value="com.google.firebase.components.ComponentRegistrar" />
112-->[com.google.firebase:firebase-storage:20.0.1] AndroidManifest.xml:35:17-82
113            <meta-data
113-->[com.google.firebase:firebase-database:20.0.5] AndroidManifest.xml:32:13-34:85
114                android:name="com.google.firebase.components:com.google.firebase.database.DatabaseRegistrar"
114-->[com.google.firebase:firebase-database:20.0.5] AndroidManifest.xml:33:17-109
115                android:value="com.google.firebase.components.ComponentRegistrar" />
115-->[com.google.firebase:firebase-database:20.0.5] AndroidManifest.xml:34:17-82
116            <meta-data
116-->[com.google.android.gms:play-services-measurement-api:21.1.0] AndroidManifest.xml:31:13-33:85
117                android:name="com.google.firebase.components:com.google.firebase.analytics.connector.internal.AnalyticsConnectorRegistrar"
117-->[com.google.android.gms:play-services-measurement-api:21.1.0] AndroidManifest.xml:32:17-139
118                android:value="com.google.firebase.components.ComponentRegistrar" />
118-->[com.google.android.gms:play-services-measurement-api:21.1.0] AndroidManifest.xml:33:17-82
119            <meta-data
119-->[com.google.firebase:firebase-installations:17.0.1] AndroidManifest.xml:18:13-20:85
120                android:name="com.google.firebase.components:com.google.firebase.installations.FirebaseInstallationsRegistrar"
120-->[com.google.firebase:firebase-installations:17.0.1] AndroidManifest.xml:19:17-127
121                android:value="com.google.firebase.components.ComponentRegistrar" />
121-->[com.google.firebase:firebase-installations:17.0.1] AndroidManifest.xml:20:17-82
122        </service>
123        <service
123-->[:geolocator_android] AndroidManifest.xml:12:9-16:56
124            android:name="com.baseflow.geolocator.GeolocatorLocationService"
124-->[:geolocator_android] AndroidManifest.xml:13:13-77
125            android:enabled="true"
125-->[:geolocator_android] AndroidManifest.xml:14:13-35
126            android:exported="false"
126-->[:geolocator_android] AndroidManifest.xml:15:13-37
127            android:foregroundServiceType="location" />
127-->[:geolocator_android] AndroidManifest.xml:16:13-53
128
129        <provider
129-->[:image_picker_android] AndroidManifest.xml:10:9-18:20
130            android:name="io.flutter.plugins.imagepicker.ImagePickerFileProvider"
130-->[:image_picker_android] AndroidManifest.xml:11:13-82
131            android:authorities="com.example.awn.flutter.image_provider"
131-->[:image_picker_android] AndroidManifest.xml:12:13-74
132            android:exported="false"
132-->[:image_picker_android] AndroidManifest.xml:13:13-37
133            android:grantUriPermissions="true" >
133-->[:image_picker_android] AndroidManifest.xml:14:13-47
134            <meta-data
134-->[:image_picker_android] AndroidManifest.xml:15:13-17:75
135                android:name="android.support.FILE_PROVIDER_PATHS"
135-->[:image_picker_android] AndroidManifest.xml:16:17-67
136                android:resource="@xml/flutter_image_picker_file_paths" />
136-->[:image_picker_android] AndroidManifest.xml:17:17-72
137        </provider>
138
139        <uses-library
139-->[androidx.window:window:1.0.0-beta04] AndroidManifest.xml:25:9-27:40
140            android:name="androidx.window.extensions"
140-->[androidx.window:window:1.0.0-beta04] AndroidManifest.xml:26:13-54
141            android:required="false" />
141-->[androidx.window:window:1.0.0-beta04] AndroidManifest.xml:27:13-37
142        <uses-library
142-->[androidx.window:window:1.0.0-beta04] AndroidManifest.xml:28:9-30:40
143            android:name="androidx.window.sidecar"
143-->[androidx.window:window:1.0.0-beta04] AndroidManifest.xml:29:13-51
144            android:required="false" />
144-->[androidx.window:window:1.0.0-beta04] AndroidManifest.xml:30:13-37
145
146        <provider
146-->[com.google.firebase:firebase-common:20.1.1] AndroidManifest.xml:26:9-31:39
147            android:name="com.google.firebase.provider.FirebaseInitProvider"
147-->[com.google.firebase:firebase-common:20.1.1] AndroidManifest.xml:27:13-77
148            android:authorities="com.example.awn.firebaseinitprovider"
148-->[com.google.firebase:firebase-common:20.1.1] AndroidManifest.xml:28:13-72
149            android:directBootAware="true"
149-->[com.google.firebase:firebase-common:20.1.1] AndroidManifest.xml:29:13-43
150            android:exported="false"
150-->[com.google.firebase:firebase-common:20.1.1] AndroidManifest.xml:30:13-37
151            android:initOrder="100" /> <!-- Needs to be explicitly declared on P+ -->
151-->[com.google.firebase:firebase-common:20.1.1] AndroidManifest.xml:31:13-36
152        <uses-library
152-->[com.google.android.gms:play-services-maps:18.0.2] AndroidManifest.xml:39:9-41:40
153            android:name="org.apache.http.legacy"
153-->[com.google.android.gms:play-services-maps:18.0.2] AndroidManifest.xml:40:13-50
154            android:required="false" />
154-->[com.google.android.gms:play-services-maps:18.0.2] AndroidManifest.xml:41:13-37
155
156        <activity
156-->[com.google.android.gms:play-services-base:18.0.1] AndroidManifest.xml:20:9-22:45
157            android:name="com.google.android.gms.common.api.GoogleApiActivity"
157-->[com.google.android.gms:play-services-base:18.0.1] AndroidManifest.xml:20:19-85
158            android:exported="false"
158-->[com.google.android.gms:play-services-base:18.0.1] AndroidManifest.xml:22:19-43
159            android:theme="@android:style/Theme.Translucent.NoTitleBar" />
159-->[com.google.android.gms:play-services-base:18.0.1] AndroidManifest.xml:21:19-78
160
161        <receiver
161-->[com.google.android.gms:play-services-measurement:21.1.0] AndroidManifest.xml:29:9-33:20
162            android:name="com.google.android.gms.measurement.AppMeasurementReceiver"
162-->[com.google.android.gms:play-services-measurement:21.1.0] AndroidManifest.xml:30:13-85
163            android:enabled="true"
163-->[com.google.android.gms:play-services-measurement:21.1.0] AndroidManifest.xml:31:13-35
164            android:exported="false" >
164-->[com.google.android.gms:play-services-measurement:21.1.0] AndroidManifest.xml:32:13-37
165        </receiver>
166
167        <service
167-->[com.google.android.gms:play-services-measurement:21.1.0] AndroidManifest.xml:35:9-38:40
168            android:name="com.google.android.gms.measurement.AppMeasurementService"
168-->[com.google.android.gms:play-services-measurement:21.1.0] AndroidManifest.xml:36:13-84
169            android:enabled="true"
169-->[com.google.android.gms:play-services-measurement:21.1.0] AndroidManifest.xml:37:13-35
170            android:exported="false" />
170-->[com.google.android.gms:play-services-measurement:21.1.0] AndroidManifest.xml:38:13-37
171        <service
171-->[com.google.android.gms:play-services-measurement:21.1.0] AndroidManifest.xml:39:9-43:72
172            android:name="com.google.android.gms.measurement.AppMeasurementJobService"
172-->[com.google.android.gms:play-services-measurement:21.1.0] AndroidManifest.xml:40:13-87
173            android:enabled="true"
173-->[com.google.android.gms:play-services-measurement:21.1.0] AndroidManifest.xml:41:13-35
174            android:exported="false"
174-->[com.google.android.gms:play-services-measurement:21.1.0] AndroidManifest.xml:42:13-37
175            android:permission="android.permission.BIND_JOB_SERVICE" />
175-->[com.google.android.gms:play-services-measurement:21.1.0] AndroidManifest.xml:43:13-69
176
177        <meta-data
177-->[com.google.android.gms:play-services-basement:18.0.0] AndroidManifest.xml:21:9-23:69
178            android:name="com.google.android.gms.version"
178-->[com.google.android.gms:play-services-basement:18.0.0] AndroidManifest.xml:22:13-58
179            android:value="@integer/google_play_services_version" />
179-->[com.google.android.gms:play-services-basement:18.0.0] AndroidManifest.xml:23:13-66
180    </application>
181
182</manifest>